<?xml version="1.0" encoding="UTF-8"?>
<!-- Generated by org.testng.reporters.JUnitXMLReporter -->
<testsuite ignored="0" hostname="DESKTOP-O12VEFQ" failures="1" tests="1" name="ErrorValidations" time="19.409" errors="0" timestamp="2024-10-28T07:39:34 GMT-07:00">
  <testcase classname="testNGTutorial.ErrorValidations" name="loginErrorValidation" time="1.609">
    <failure type="java.lang.AssertionError" message="expected [Incorrect email or password.] but found [Incorrect email password.]">
      <![CDATA[java.lang.AssertionError: expected [Incorrect email or password.] but found [Incorrect email password.]
at testNGTutorial.ErrorValidations.loginErrorValidation(ErrorValidations.java:33)
at java.base/java.util.ArrayList.forEach(ArrayList.java:1511)
at java.base/java.util.concurrent.FutureTask.run(FutureTask.java:264)
at java.base/java.util.concurrent.ThreadPoolExecutor.runWorker(ThreadPoolExecutor.java:1136)
at java.base/java.util.concurrent.ThreadPoolExecutor$Worker.run(ThreadPoolExecutor.java:635)
at java.base/java.lang.Thread.run(Thread.java:833)
... Removed 23 stack frames]]>
    </failure>
  </testcase> <!-- loginErrorValidation -->
</testsuite> <!-- ErrorValidations -->
