<?xml version="1.0" encoding="UTF-8"?>
<!-- Generated by org.testng.reporters.JUnitXMLReporter -->
<testsuite ignored="0" hostname="DESKTOP-O12VEFQ" failures="1" tests="1" name="Test" time="0.061" errors="0" timestamp="03 Oct 2024 10:32:58 GMT">
  <testcase classname="testNGTutorial.SubmitOrderTest" name="submitOrder" time="0.014">
    <failure type="java.lang.NullPointerException" message="Cannot invoke &amp;quot;String.equalsIgnoreCase(String)&amp;quot; because &amp;quot;browserName&amp;quot; is null">
      <![CDATA[java.lang.NullPointerException: Cannot invoke "String.equalsIgnoreCase(String)" because "browserName" is null
at testNGTutorial.TestComponents.BaseTest.initializeDriver(BaseTest.java:29)
at testNGTutorial.TestComponents.BaseTest.launchApplication(BaseTest.java:53)
at testNGTutorial.SubmitOrderTest.submitOrder(SubmitOrderTest.java:35)
... Removed 25 stack frames]]>
    </failure>
  </testcase> <!-- submitOrder -->
</testsuite> <!-- Test -->
